<?xml version="1.0" encoding="UTF-8"?>
<!-- Generated by org.testng.reporters.JUnitReportReporter -->
<testsuite hostname="DESKTOP-MA7LGP5" failures="0" tests="2" name="testcases.Logintest" time="41.102" errors="0" timestamp="2023-04-09T00:14:06 IST" skipped="0">
  <testcase classname="testcases.Logintest" name="login" time="20.394"/>
  <testcase classname="testcases.Logintest" name="loginwithinvalid" time="20.708"/>
</testsuite> <!-- testcases.Logintest -->
