<?xml version="1.0" encoding="UTF-8"?>
<!-- Generated by org.testng.reporters.JUnitReportReporter -->
<testsuite hostname="DESKTOP-MA7LGP5" failures="0" tests="1" name="testcases.Signuptest" time="24.757" errors="0" timestamp="2023-04-09T00:14:06 IST" skipped="0">
  <testcase classname="testcases.Signuptest" name="newacnyt" time="24.757"/>
</testsuite> <!-- testcases.Signuptest -->
