<?xml version="1.0" encoding="UTF-8"?>
<!-- Generated by org.testng.reporters.JUnitReportReporter -->
<testsuite hostname="DESKTOP-MA7LGP5" failures="0" tests="1" name="testcases.Select_by_brandstest" time="48.340" errors="0" timestamp="2023-04-09T00:14:06 IST" skipped="0">
  <testcase classname="testcases.Select_by_brandstest" name="bybrands" time="48.340"/>
</testsuite> <!-- testcases.Select_by_brandstest -->
