<?xml version="1.0" encoding="UTF-8"?>
<!-- Generated by org.testng.reporters.JUnitReportReporter -->
<testsuite hostname="DESKTOP-MA7LGP5" failures="0" tests="1" name="testcases.Signuptest" time="16.763" errors="0" timestamp="2023-04-07T20:06:40 IST" skipped="0">
  <testcase classname="testcases.Signuptest" name="newacnyt" time="16.763"/>
</testsuite> <!-- testcases.Signuptest -->
