<?xml version="1.0" encoding="UTF-8"?>
<!-- Generated by org.testng.reporters.JUnitReportReporter -->
<testsuite hostname="DESKTOP-MA7LGP5" failures="0" tests="1" name="testcases.Logintest" time="140.658" errors="0" timestamp="2023-04-07T23:08:36 IST" skipped="0">
  <testcase classname="testcases.Logintest" name="login" time="140.658"/>
</testsuite> <!-- testcases.Logintest -->
