<?xml version="1.0" encoding="UTF-8"?>
<!-- Generated by org.testng.reporters.JUnitReportReporter -->
<testsuite hostname="DESKTOP-MA7LGP5" failures="0" tests="1" name="base.Baseclass" time="38.640" errors="0" timestamp="2023-04-06T14:48:16 IST" skipped="0">
  <testcase classname="base.Baseclass" name="startup" time="38.640"/>
</testsuite> <!-- base.Baseclass -->
