<?xml version="1.0" encoding="UTF-8"?>
<!-- Generated by org.testng.reporters.JUnitReportReporter -->
<testsuite hostname="DESKTOP-MA7LGP5" failures="0" tests="1" name="testcases.Searchproducttest" time="71.971" errors="0" timestamp="2023-04-07T20:06:40 IST" skipped="0">
  <testcase classname="testcases.Searchproducttest" name="searchbox" time="71.971"/>
</testsuite> <!-- testcases.Searchproducttest -->
